#
# There is insufficient memory for the Java Runtime Environment to continue.
# Native memory allocation (mmap) failed to map 268435456 bytes for Failed to commit area from 0x00000000e0000000 to 0x00000000f0000000 of length 268435456.
# Possible reasons:
#   The system is out of physical RAM or swap space
#   The process is running with CompressedOops enabled, and the Java Heap may be blocking the growth of the native heap
# Possible solutions:
#   Reduce memory load on the system
#   Increase physical memory or swap space
#   Check if swap backing store is full
#   Decrease Java heap size (-Xmx/-Xms)
#   Decrease number of Java threads
#   Decrease Java thread stack sizes (-Xss)
#   Set larger code cache with -XX:ReservedCodeCacheSize=
# This output file may be truncated or incomplete.
#
#  Out of Memory Error (./src/hotspot/os/windows/os_windows.cpp:3301), pid=15960, tid=25252
#
# JRE version:  (11.0.10) (build )
# Java VM: OpenJDK 64-Bit Server VM (11.0.10+0-b96-7249189, mixed mode, sharing, tiered, compressed oops, g1 gc, windows-amd64)
# No core dump will be written. Minidumps are not enabled by default on client versions of Windows
#

---------------  S U M M A R Y ------------

Command Line: -Djava.awt.headless=true -Dorg.gradle.internal.worker.tmpdir=D:\Work\-krg\_projects\TRDZ_Dictionary\app\build\tmp\testDebugUnitTest\work -Dorg.gradle.native=false --add-opens=java.base/java.util=ALL-UNNAMED --add-opens=java.base/java.lang=ALL-UNNAMED -Xmx512m -Dfile.encoding=UTF-8 -Duser.country=RU -Duser.language=ru -Duser.variant -ea worker.org.gradle.process.internal.worker.GradleWorkerMain 'Gradle Test Executor 25'

Host: Intel(R) Core(TM) i7-10750H CPU @ 2.60GHz, 12 cores, 15G,  Windows 10 , 64 bit Build 19041 (10.0.19041.1706)
Time: Thu Feb  2 13:36:19 2023 RTZ 2 (зима) elapsed time: 0.007261 seconds (0d 0h 0m 0s)

---------------  T H R E A D  ---------------

Current thread (0x00000292c8ec3000):  JavaThread "Unknown thread" [_thread_in_vm, id=25252, stack(0x000000ddeac00000,0x000000ddead00000)]

Stack: [0x000000ddeac00000,0x000000ddead00000]
Native frames: (J=compiled Java code, j=interpreted, Vv=VM code, C=native code)
V  [jvm.dll+0x5ecfaa]
V  [jvm.dll+0x722bd5]
V  [jvm.dll+0x72412d]
V  [jvm.dll+0x7247e3]
V  [jvm.dll+0x242928]
V  [jvm.dll+0x5ea374]
V  [jvm.dll+0x5df425]
V  [jvm.dll+0x2fdebb]
V  [jvm.dll+0x2fde2a]
V  [jvm.dll+0x2fdd02]
V  [jvm.dll+0x302bf6]
V  [jvm.dll+0x34b2a3]
V  [jvm.dll+0x34b9a6]
V  [jvm.dll+0x34b3a3]
V  [jvm.dll+0x2d8888]
V  [jvm.dll+0x2d9a37]
V  [jvm.dll+0x701737]
V  [jvm.dll+0x702f2c]
V  [jvm.dll+0x3587d9]
V  [jvm.dll+0x6e4fae]
V  [jvm.dll+0x3c0be3]
V  [jvm.dll+0x3c2e91]
C  [jli.dll+0x5373]
C  [ucrtbase.dll+0x21bb2]
C  [KERNEL32.DLL+0x17034]
C  [ntdll.dll+0x52651]


---------------  P R O C E S S  ---------------

Threads class SMR info:
_java_thread_list=0x00000292c6c6ae00, length=0, elements={
}

Java Threads: ( => current thread )

Other Threads:
  0x00000292c8ed9800 GCTaskThread "GC Thread#0" [stack: 0x000000ddead00000,0x000000ddeae00000] [id=25444]
  0x00000292c8eea800 ConcurrentGCThread "G1 Main Marker" [stack: 0x000000ddeae00000,0x000000ddeaf00000] [id=25792]
  0x00000292c8ef0800 ConcurrentGCThread "G1 Conc#0" [stack: 0x000000ddeaf00000,0x000000ddeb000000] [id=11332]

[error occurred during error reporting (printing all threads), id 0xc0000005, EXCEPTION_ACCESS_VIOLATION (0xc0000005) at pc=0x00007ffc9b069107]

VM state:not at safepoint (not fully initialized)

VM Mutex/Monitor currently owned by a thread:  ([mutex/lock_event])
[0x00000292c8ebfdf0] Heap_lock - owner thread: 0x00000292c8ec3000

Heap address: 0x00000000e0000000, size: 512 MB, Compressed Oops mode: Non-zero based: 0x00000000e0000000
Narrow klass base: 0x0000000000000000, Narrow klass shift: 0

GC Heap History (0 events):
No events

Deoptimization events (0 events):
No events

Classes redefined (0 events):
No events

Internal exceptions (0 events):
No events

Events (1 events):
Event: 0.003 Loaded shared library D:\Work\-krg\AS\jre\bin\zip.dll


Dynamic libraries:
0x00007ff7024e0000 - 0x00007ff7024ea000 	D:\Work\-krg\AS\jre\bin\java.exe
0x00007ffd07cf0000 - 0x00007ffd07ee5000 	C:\Windows\SYSTEM32\ntdll.dll
0x00007ffd05d50000 - 0x00007ffd05e0d000 	C:\Windows\System32\KERNEL32.DLL
0x00007ffd05540000 - 0x00007ffd0580d000 	C:\Windows\System32\KERNELBASE.dll
0x00007ffd05c40000 - 0x00007ffd05d40000 	C:\Windows\System32\ucrtbase.dll
0x00007ffcf2390000 - 0x00007ffcf23a7000 	D:\Work\-krg\AS\jre\bin\VCRUNTIME140.dll
0x00007ffcf8c00000 - 0x00007ffcf8c19000 	D:\Work\-krg\AS\jre\bin\jli.dll
0x00007ffd07950000 - 0x00007ffd07af0000 	C:\Windows\System32\USER32.dll
0x00007ffd05960000 - 0x00007ffd05982000 	C:\Windows\System32\win32u.dll
0x00007ffce6680000 - 0x00007ffce691a000 	C:\Windows\WinSxS\amd64_microsoft.windows.common-controls_6595b64144ccf1df_6.0.19041.1110_none_60b5254171f9507e\COMCTL32.dll
0x00007ffd07bc0000 - 0x00007ffd07bea000 	C:\Windows\System32\GDI32.dll
0x00007ffd05400000 - 0x00007ffd0550b000 	C:\Windows\System32\gdi32full.dll
0x00007ffd06710000 - 0x00007ffd067ae000 	C:\Windows\System32\msvcrt.dll
0x00007ffd058c0000 - 0x00007ffd0595d000 	C:\Windows\System32\msvcp_win.dll
0x00007ffd07bf0000 - 0x00007ffd07c20000 	C:\Windows\System32\IMM32.DLL
0x00007ffcbbe70000 - 0x00007ffcbbf0d000 	D:\Work\-krg\AS\jre\bin\msvcp140.dll
0x00007ffc9ad80000 - 0x00007ffc9b84f000 	D:\Work\-krg\AS\jre\bin\server\jvm.dll
0x00007ffd07760000 - 0x00007ffd0780e000 	C:\Windows\System32\ADVAPI32.dll
0x00007ffd06a60000 - 0x00007ffd06afc000 	C:\Windows\System32\sechost.dll
0x00007ffd06bd0000 - 0x00007ffd06cf5000 	C:\Windows\System32\RPCRT4.dll
0x00007ffd06970000 - 0x00007ffd06978000 	C:\Windows\System32\PSAPI.DLL
0x00007ffcfce40000 - 0x00007ffcfce49000 	C:\Windows\SYSTEM32\WSOCK32.dll
0x00007ffcf7670000 - 0x00007ffcf7697000 	C:\Windows\SYSTEM32\WINMM.dll
0x00007ffcfbfc0000 - 0x00007ffcfbfca000 	C:\Windows\SYSTEM32\VERSION.dll
0x00007ffd07b50000 - 0x00007ffd07bbb000 	C:\Windows\System32\WS2_32.dll
0x00007ffd03c90000 - 0x00007ffd03ca2000 	C:\Windows\SYSTEM32\kernel.appcore.dll
0x00007ffcea6d0000 - 0x00007ffcea6e1000 	D:\Work\-krg\AS\jre\bin\verify.dll
0x00007ffd03090000 - 0x00007ffd03274000 	C:\Windows\SYSTEM32\DBGHELP.DLL
0x00007ffce9070000 - 0x00007ffce909c000 	C:\Windows\SYSTEM32\dbgcore.DLL
0x00007ffd05af0000 - 0x00007ffd05b72000 	C:\Windows\System32\bcryptPrimitives.dll
0x00007ffcdaf50000 - 0x00007ffcdaf79000 	D:\Work\-krg\AS\jre\bin\java.dll
0x00007ffcfcf30000 - 0x00007ffcfcf3b000 	D:\Work\-krg\AS\jre\bin\jimage.dll
0x00007ffce4510000 - 0x00007ffce4528000 	D:\Work\-krg\AS\jre\bin\zip.dll

dbghelp: loaded successfully - version: 4.0.5 - missing functions: none
symbol engine: initialized successfully - sym options: 0x614 - pdb path: .;D:\Work\-krg\AS\jre\bin;C:\Windows\SYSTEM32;C:\Windows\WinSxS\amd64_microsoft.windows.common-controls_6595b64144ccf1df_6.0.19041.1110_none_60b5254171f9507e;D:\Work\-krg\AS\jre\bin\server

VM Arguments:
jvm_args: -Djava.awt.headless=true -Dorg.gradle.internal.worker.tmpdir=D:\Work\-krg\_projects\TRDZ_Dictionary\app\build\tmp\testDebugUnitTest\work -Dorg.gradle.native=false --add-opens=java.base/java.util=ALL-UNNAMED --add-opens=java.base/java.lang=ALL-UNNAMED -Xmx512m -Dfile.encoding=UTF-8 -Duser.country=RU -Duser.language=ru -Duser.variant -ea 
java_command: worker.org.gradle.process.internal.worker.GradleWorkerMain 'Gradle Test Executor 25'
java_class_path (initial): D:\\Work\\-krg\\_tools\\.gradle\\caches\\7.0.2\\workerMain\\gradle-worker.jar;D:\\Work\\-krg\\_projects\\TRDZ_Dictionary\\app\\build\\intermediates\\unit_test_config_directory\\debugUnitTest\\out;D:\\Work\\-krg\\_projects\\TRDZ_Dictionary\\app\\build\\intermediates\\javac\\debugUnitTest\\classes;D:\\Work\\-krg\\_projects\\TRDZ_Dictionary\\app\\build\\tmp\\kotlin-classes\\debugUnitTest;D:\\Work\\-krg\\_projects\\TRDZ_Dictionary\\app\\build\\tmp\\kapt3\\classes\\debugUnitTest;D:\\Work\\-krg\\_projects\\TRDZ_Dictionary\\app\\build\\intermediates\\java_res\\debugUnitTest\\out;D:\\Work\\-krg\\_projects\\TRDZ_Dictionary\\app\\build\\intermediates\\app_classes\\debug\\classes.jar;D:\\Work\\-krg\\_tools\\.gradle\\caches\\transforms-3\\682a2a9e62b2dadefa0ce48f206f97d9\\transformed\\jetified-kotlinx-coroutines-test-1.4.3.jar;D:\\Work\\-krg\\_tools\\.gradle\\caches\\transforms-3\\14b171266a1667ce2caac1bb8d712096\\transformed\\core-testing-2.1.0-runtime.jar;D:\\Work\\-krg\\_tools\\.gradle\\caches\\transforms-3\\e9a2ec0b2d7fae146599c6450efa6b8e\\transformed\\espresso-contrib-3.3.0-runtime.jar;D:\\Work\\-krg\\_tools\\.gradle\\caches\\transforms-3\\93ead7768b802e539785cd3a1f6b713d\\transformed\\espresso-intents-3.3.0-runtime.jar;D:\\Work\\-krg\\_tools\\.gradle\\caches\\transforms-3\\3de0f1e94c4182954a96c3a93e2f3775\\transformed\\espresso-core-3.3.0-runtime.jar;D:\\Work\\-krg\\_tools\\.gradle\\caches\\transforms-3\\72362314b151434b720cfc26ece9a901\\transformed\\rules-1.3.0-runtime.jar;D:\\Work\\-krg\\_tools\\.gradle\\caches\\transforms-3\\99e4d2c79c1aedb70677e5c4c335e165\\transformed\\runner-1.3.0-runtime.jar;D:\\Work\\-krg\\_tools\\.gradle\\caches\\transforms-3\\edc9a78a913b12064816a4e433f7e0e7\\transformed\\jetified-junit-1.1.3-runtime.jar;D:\\Work\\-krg\\_tools\\.gradle\\caches\\transforms-3\\40576a1b9aaa0e491ab2e1c3a1db809f\\transformed\\jetified-truth-1.3.0-runtime.jar;D:\\Work\\-krg\\_tools\\.gradle\\caches\\transforms-3\\f4086b8f55da6c33a8a0d628b
Launcher Type: SUN_STANDARD

[Global flags]
     intx CICompilerCount                          = 4                                         {product} {ergonomic}
     uint ConcGCThreads                            = 3                                         {product} {ergonomic}
     uint G1ConcRefinementThreads                  = 10                                        {product} {ergonomic}
   size_t G1HeapRegionSize                         = 1048576                                   {product} {ergonomic}
    uintx GCDrainStackTargetSize                   = 64                                        {product} {ergonomic}
   size_t InitialHeapSize                          = 268435456                                 {product} {ergonomic}
   size_t MarkStackSize                            = 4194304                                   {product} {ergonomic}
   size_t MaxHeapSize                              = 536870912                                 {product} {command line}
   size_t MinHeapDeltaBytes                        = 1048576                                   {product} {ergonomic}
    uintx NonNMethodCodeHeapSize                   = 5836300                                {pd product} {ergonomic}
    uintx NonProfiledCodeHeapSize                  = 122910970                              {pd product} {ergonomic}
    uintx ProfiledCodeHeapSize                     = 122910970                              {pd product} {ergonomic}
    uintx ReservedCodeCacheSize                    = 251658240                              {pd product} {ergonomic}
     bool SegmentedCodeCache                       = true                                      {product} {ergonomic}
     bool UseCompressedClassPointers               = true                                 {lp64_product} {ergonomic}
     bool UseCompressedOops                        = true                                 {lp64_product} {ergonomic}
     bool UseG1GC                                  = true                                      {product} {ergonomic}
     bool UseLargePagesIndividualAllocation        = false                                  {pd product} {ergonomic}

Logging:
Log output configuration:
 #0: stdout all=warning uptime,level,tags
 #1: stderr all=off uptime,level,tags

Environment Variables:
PATH=C:\Windows\system32;C:\Windows;C:\Windows\System32\Wbem;C:\Windows\System32\WindowsPowerShell\v1.0\;C:\Windows\System32\OpenSSH\;C:\Program Files (x86)\NVIDIA Corporation\PhysX\Common;C:\Program Files\NVIDIA Corporation\NVIDIA NvDLISR;C:\Program Files\dotnet\;C:\Program Files\Microsoft SQL Server\130\Tools\Binn\;C:\Program Files\Microsoft SQL Server\Client SDK\ODBC\170\Tools\Binn\;C:\Program Files\Git\cmd;C:\Users\Tsargorn\AppData\Local\Microsoft\WindowsApps;C:\Users\Tsargorn\.dotnet\tools;C:\Users\Tsargorn\AppData\Local\JetBrains\Toolbox\scripts
USERNAME=Tsargorn
OS=Windows_NT
PROCESSOR_IDENTIFIER=Intel64 Family 6 Model 165 Stepping 2, GenuineIntel



---------------  S Y S T E M  ---------------

OS: Windows 10 , 64 bit Build 19041 (10.0.19041.1706)
OS uptime: 28 days 16:45 hours

CPU:total 12 (initial active 12) (6 cores per cpu, 2 threads per core) family 6 model 165 stepping 2 microcode 0xc8, cmov, cx8, fxsr, mmx, sse, sse2, sse3, ssse3, sse4.1, sse4.2, popcnt, avx, avx2, aes, clmul, erms, 3dnowpref, lzcnt, ht, tsc, tscinvbit, bmi1, bmi2, adx, fma

Memory: 4k page, system-wide physical 16257M (1132M free)
TotalPageFile size 31516M (AvailPageFile size 157M)
current process WorkingSet (physical memory assigned to process): 10M, peak: 10M
current process commit charge ("private bytes"): 63M, peak: 319M

vm_info: OpenJDK 64-Bit Server VM (11.0.10+0-b96-7249189) for windows-amd64 JRE (11.0.10+0-b96-7249189), built on Mar 31 2021 21:44:00 by "builder" with MS VC++ 14.0 (VS2015)

END.
